[     415ms] [ERROR] Hydration completed but contains mismatches. @ https://sssjing.github.io/myblogone/assets/app-beffe7bc.js:0
[   16097ms] [WARNING]  is missing sidebar config. @ https://sssjing.github.io/myblogone/assets/app-beffe7bc.js:27
[   16105ms] [WARNING]  is missing sidebar config. @ https://sssjing.github.io/myblogone/assets/app-beffe7bc.js:27
[ 1262507ms] [ERROR] Failed to load resource: the server responded with a status of 503 () @ https://sssjing.github.io/myblogone/assets/404.html-ac817d5f.js:0
[ 1262926ms] [ERROR] Hydration completed but contains mismatches. @ https://sssjing.github.io/myblogone/assets/app-beffe7bc.js:0
[ 1280275ms] [ERROR] Hydration completed but contains mismatches. @ https://sssjing.github.io/myblogone/assets/app-beffe7bc.js:0
[ 1286100ms] [ERROR] Hydration completed but contains mismatches. @ https://sssjing.github.io/myblogone/assets/app-beffe7bc.js:0
[ 1289837ms] [ERROR] Hydration completed but contains mismatches. @ https://sssjing.github.io/myblogone/assets/app-beffe7bc.js:0
[ 1290856ms] [WARNING]  is missing sidebar config. @ https://sssjing.github.io/myblogone/assets/app-beffe7bc.js:27
[ 1290859ms] [WARNING]  is missing sidebar config. @ https://sssjing.github.io/myblogone/assets/app-beffe7bc.js:27
[ 1294194ms] [WARNING]  is missing sidebar config. @ https://sssjing.github.io/myblogone/assets/app-beffe7bc.js:27
[ 1294196ms] [WARNING]  is missing sidebar config. @ https://sssjing.github.io/myblogone/assets/app-beffe7bc.js:27
[ 1296134ms] [WARNING]  is missing sidebar config. @ https://sssjing.github.io/myblogone/assets/app-beffe7bc.js:27
[ 1296137ms] [WARNING]  is missing sidebar config. @ https://sssjing.github.io/myblogone/assets/app-beffe7bc.js:27
[ 1299052ms] [WARNING]  is missing sidebar config. @ https://sssjing.github.io/myblogone/assets/app-beffe7bc.js:27
[ 1299054ms] [WARNING]  is missing sidebar config. @ https://sssjing.github.io/myblogone/assets/app-beffe7bc.js:27
[ 1307017ms] [ERROR] Hydration completed but contains mismatches. @ https://sssjing.github.io/myblogone/assets/app-beffe7bc.js:0
[ 1308124ms] [WARNING]  is missing sidebar config. @ https://sssjing.github.io/myblogone/assets/app-beffe7bc.js:27
[ 1308126ms] [WARNING]  is missing sidebar config. @ https://sssjing.github.io/myblogone/assets/app-beffe7bc.js:27
[ 1311093ms] [WARNING]  is missing sidebar config. @ https://sssjing.github.io/myblogone/assets/app-beffe7bc.js:27
[ 1311095ms] [WARNING]  is missing sidebar config. @ https://sssjing.github.io/myblogone/assets/app-beffe7bc.js:27
